INFO:root:>> START PROGRAM: 2020-09-09 13:20:58.570244
INFO:root: = Disease: TUBERCULOSIS
INFO:root: = Entity: COLOMBIA
ERROR:root: - Error: math domain error
INFO:root: - Grid search elapsed time:164.3605187 s
INFO:root: - {'rmse': 38.3118, 'mape': 2.8059, 'aic': 126.0129, 'bic': 129.1961, 'ts_period': 3, 'order': (2, 1, 2), 'seasonal_order': (2, 0, 1, 13)}
INFO:root: - {'rmse': 48.9881, 'mape': 3.2679, 'aic': 120.6423, 'bic': 123.063, 'ts_period': 3, 'order': (1, 1, 2), 'seasonal_order': (2, 0, 2, 13)}
INFO:root: - {'rmse': 50.2572, 'mape': 3.3002, 'aic': 118.6765, 'bic': 120.7946, 'ts_period': 3, 'order': (0, 1, 2), 'seasonal_order': (2, 0, 2, 13)}
INFO:root: - {'rmse': 49.4182, 'mape': 3.3853, 'aic': 129.9837, 'bic': 132.769, 'ts_period': 3, 'order': (1, 1, 1), 'seasonal_order': (2, 0, 2, 13)}
INFO:root: - {'rmse': 51.3131, 'mape': 3.5077, 'aic': 140.6646, 'bic': 143.574, 'ts_period': 3, 'order': (2, 0, 1), 'seasonal_order': (2, 0, 0, 13)}
INFO:root: - {'rmse': 56.4678, 'mape': 3.576, 'aic': 145.0316, 'bic': 148.9109, 'ts_period': 3, 'order': (2, 0, 1), 'seasonal_order': (2, 0, 2, 13)}
INFO:root: - {'rmse': 56.3302, 'mape': 3.6234, 'aic': 127.9217, 'bic': 130.707, 'ts_period': 3, 'order': (2, 1, 1), 'seasonal_order': (2, 0, 1, 13)}
INFO:root: - {'rmse': 56.3302, 'mape': 3.6234, 'aic': 129.9079, 'bic': 133.0911, 'ts_period': 3, 'order': (2, 1, 1), 'seasonal_order': (2, 0, 2, 13)}
INFO:root: - {'rmse': 56.1726, 'mape': 3.6312, 'aic': 125.9247, 'bic': 128.3121, 'ts_period': 3, 'order': (2, 1, 1), 'seasonal_order': (2, 0, 0, 13)}
INFO:root: - {'rmse': 51.9888, 'mape': 3.7353, 'aic': 110.7221, 'bic': 112.2999, 'ts_period': 3, 'order': (1, 2, 2), 'seasonal_order': (2, 0, 2, 13)}
INFO:root: = Predictions:
INFO:root:            forecast       ci_inf       ci_sup
2020-01-26      1247  1197.716335  1295.978950
2020-02-23      1316  1230.962783  1401.642211
2020-03-22       999   894.036446  1103.221185
2020-04-19      1190  1074.029434  1305.668852
2020-05-17      1106   973.448498  1238.712725
2020-06-14       968   820.756049  1114.828390
2020-07-12      1138   982.371585  1294.283881
2020-08-09      1156   988.349150  1323.030171
2020-09-06      1176   996.947749  1355.489695
2020-10-04      1080   892.965270  1267.824786
2020-11-01      1058   862.136443  1254.631473
2020-11-29       626   419.978316   832.669525
2020-12-27      1053   838.394311  1266.613431
INFO:root: = Entity: AMAZONAS
INFO:root: - Grid search elapsed time:114.13844029999998 s
INFO:root: - {'rmse': 1.6425, 'mape': 20.7292, 'aic': 51.0866, 'bic': 53.8719, 'ts_period': 3, 'order': (2, 0, 2), 'seasonal_order': (1, 1, 1, 13)}
INFO:root: - {'rmse': 1.4347, 'mape': 21.875, 'aic': 125.0154, 'bic': 130.9056, 'ts_period': 3, 'order': (2, 0, 2), 'seasonal_order': (0, 1, 0, 13)}
INFO:root: - {'rmse': 1.1024, 'mape': 22.6389, 'aic': 40.2688, 'bic': 42.0843, 'ts_period': 3, 'order': (2, 1, 2), 'seasonal_order': (0, 1, 1, 13)}
INFO:root: - {'rmse': 1.7321, 'mape': 22.7083, 'aic': 133.4623, 'bic': 134.7204, 'ts_period': 3, 'order': (0, 0, 0), 'seasonal_order': (0, 1, 0, 13)}
INFO:root: - {'rmse': 1.7321, 'mape': 22.7083, 'aic': 6.0, 'bic': -inf, 'ts_period': 3, 'order': (0, 0, 0), 'seasonal_order': (0, 1, 2, 13)}
INFO:root: - {'rmse': 1.7321, 'mape': 22.7083, 'aic': 8.0, 'bic': -inf, 'ts_period': 3, 'order': (0, 0, 0), 'seasonal_order': (1, 1, 2, 13)}
INFO:root: - {'rmse': 1.7321, 'mape': 22.7083, 'aic': 10.0, 'bic': -inf, 'ts_period': 3, 'order': (0, 0, 0), 'seasonal_order': (2, 1, 2, 13)}
INFO:root: - {'rmse': 1.7321, 'mape': 22.7083, 'aic': 127.842, 'bic': 130.2798, 'ts_period': 3, 'order': (0, 0, 1), 'seasonal_order': (0, 1, 0, 13)}
INFO:root: - {'rmse': 1.7321, 'mape': 22.7083, 'aic': 60.8932, 'bic': 63.3178, 'ts_period': 3, 'order': (0, 0, 1), 'seasonal_order': (1, 0, 2, 13)}
INFO:root: - {'rmse': 1.7321, 'mape': 22.7083, 'aic': 135.1712, 'bic': 137.6874, 'ts_period': 3, 'order': (1, 0, 0), 'seasonal_order': (0, 1, 0, 13)}
INFO:root: = Predictions:
INFO:root:            forecast    ci_inf     ci_sup
2020-01-26         2 -0.051437   3.716121
2020-02-23         4  1.986087   6.010600
2020-03-22         3  0.716156   5.319699
2020-04-19         5  2.882291   7.609279
2020-05-17         3  1.023499   5.763753
2020-06-14         6  3.274933   8.016213
2020-07-12         7  4.420723   9.162058
2020-08-09         3  0.466254   5.207479
2020-09-06        10  7.917214  12.656968
2020-10-04         4  1.331018   6.057249
2020-11-01         3  1.163801   5.830959
2020-11-29         3  1.010067   5.653343
2020-12-27         3  0.682681   5.152928
INFO:root: = Entity: ANTIOQUIA
ERROR:root: - Error: math domain error
INFO:root: - Grid search elapsed time:169.74658970000002 s
INFO:root: - {'rmse': 14.664, 'mape': 5.2775, 'aic': 86.0472, 'bic': 87.2305, 'ts_period': 3, 'order': (2, 2, 2), 'seasonal_order': (0, 1, 1, 13)}
INFO:root: - {'rmse': 14.664, 'mape': 5.2775, 'aic': 88.0471, 'bic': 89.4277, 'ts_period': 3, 'order': (2, 2, 2), 'seasonal_order': (1, 1, 1, 13)}
INFO:root: - {'rmse': 12.7623, 'mape': 5.3759, 'aic': 107.9816, 'bic': 110.7669, 'ts_period': 3, 'order': (2, 1, 1), 'seasonal_order': (1, 0, 2, 13)}
INFO:root: - {'rmse': 15.7226, 'mape': 5.4813, 'aic': 100.8701, 'bic': 103.2574, 'ts_period': 3, 'order': (2, 0, 2), 'seasonal_order': (0, 1, 1, 13)}
INFO:root: - {'rmse': 13.2104, 'mape': 5.4927, 'aic': 104.794, 'bic': 107.1814, 'ts_period': 3, 'order': (2, 1, 1), 'seasonal_order': (2, 0, 0, 13)}
INFO:root: - {'rmse': 13.2104, 'mape': 5.4927, 'aic': 106.794, 'bic': 109.5793, 'ts_period': 3, 'order': (2, 1, 1), 'seasonal_order': (2, 0, 1, 13)}
INFO:root: - {'rmse': 13.2104, 'mape': 5.4927, 'aic': 108.794, 'bic': 111.9772, 'ts_period': 3, 'order': (2, 1, 1), 'seasonal_order': (2, 0, 2, 13)}
INFO:root: - {'rmse': 13.7026, 'mape': 5.6746, 'aic': 103.8861, 'bic': 105.8755, 'ts_period': 3, 'order': (2, 1, 0), 'seasonal_order': (2, 0, 0, 13)}
INFO:root: - {'rmse': 13.7026, 'mape': 5.6746, 'aic': 105.8861, 'bic': 108.2734, 'ts_period': 3, 'order': (2, 1, 0), 'seasonal_order': (2, 0, 1, 13)}
INFO:root: - {'rmse': 13.7026, 'mape': 5.6746, 'aic': 107.8861, 'bic': 110.6713, 'ts_period': 3, 'order': (2, 1, 0), 'seasonal_order': (2, 0, 2, 13)}
INFO:root: = Predictions:
INFO:root:            forecast      ci_inf      ci_sup
2020-01-26       310  285.308236  333.817575
2020-02-23       240  205.091070  275.801145
2020-03-22       208  172.980663  243.768332
2020-04-19       289  248.470316  330.092219
2020-05-17       216  164.567339  267.288055
2020-06-14       200  148.770579  252.025800
2020-07-12       306  251.764121  359.773995
2020-08-09       254  189.527756  318.037978
2020-09-06       180  114.788928  245.015721
2020-10-04       301  235.311182  367.550046
2020-11-01       279  204.031426  354.913507
2020-11-29       133   55.300627  210.001817
2020-12-27       302  223.778743  379.251980
INFO:root: = Entity: BOGOTA DC
INFO:root: - Grid search elapsed time:159.68984900000004 s
INFO:root: - {'rmse': 10.3208, 'mape': 10.223, 'aic': 88.7652, 'bic': 91.4885, 'ts_period': 0, 'order': (2, 1, 2), 'seasonal_order': (2, 0, 2, 13)}
INFO:root: - {'rmse': 10.3351, 'mape': 10.3428, 'aic': 92.7625, 'bic': 95.5478, 'ts_period': 0, 'order': (2, 1, 2), 'seasonal_order': (2, 0, 0, 13)}
INFO:root: - {'rmse': 10.3351, 'mape': 10.3428, 'aic': 94.7634, 'bic': 97.9466, 'ts_period': 0, 'order': (2, 1, 2), 'seasonal_order': (2, 0, 1, 13)}
INFO:root: - {'rmse': 12.2096, 'mape': 10.6758, 'aic': 114.1145, 'bic': 118.0691, 'ts_period': 5, 'order': (1, 0, 2), 'seasonal_order': (2, 0, 1, 13)}
INFO:root: - {'rmse': 11.8533, 'mape': 10.77, 'aic': 92.7642, 'bic': 94.2771, 'ts_period': 3, 'order': (2, 2, 1), 'seasonal_order': (0, 1, 1, 13)}
INFO:root: - {'rmse': 10.7082, 'mape': 10.9272, 'aic': 92.2096, 'bic': 94.597, 'ts_period': 0, 'order': (2, 1, 2), 'seasonal_order': (1, 1, 0, 13)}
INFO:root: - {'rmse': 11.6954, 'mape': 10.9362, 'aic': 83.9061, 'bic': 85.0894, 'ts_period': 3, 'order': (2, 2, 2), 'seasonal_order': (0, 1, 1, 13)}
INFO:root: - {'rmse': 10.7267, 'mape': 10.9445, 'aic': 86.0565, 'bic': 88.1746, 'ts_period': 0, 'order': (2, 1, 2), 'seasonal_order': (1, 1, 1, 13)}
INFO:root: - {'rmse': 13.208, 'mape': 11.2001, 'aic': 96.5731, 'bic': 98.9605, 'ts_period': 4, 'order': (1, 0, 2), 'seasonal_order': (1, 1, 1, 13)}
INFO:root: - {'rmse': 12.3365, 'mape': 11.3576, 'aic': 98.6665, 'bic': 100.656, 'ts_period': 6, 'order': (2, 1, 0), 'seasonal_order': (1, 1, 1, 13)}
INFO:root: = Predictions:
INFO:root:            forecast      ci_inf      ci_sup
2020-01-26        86   73.658536   97.382818
2020-02-23        95   70.746672  120.218084
2020-03-22        48   21.178423   75.033108
2020-04-19       136  106.521378  164.622665
2020-05-17        68   31.690818  104.556320
2020-06-14        64   25.613311  101.939908
2020-07-12        93   53.212117  132.085860
2020-08-09        68   22.897011  113.356371
2020-09-06       106   58.859610  152.550365
2020-10-04       121   73.311215  168.714467
2020-11-01        87   34.064918  139.271396
2020-11-29        63    9.002454  117.440806
2020-12-27       108   52.786482  162.425294
INFO:root: = Entity: CHOCO
ERROR:root: - Error: math domain error
ERROR:root: - Error: math domain error
ERROR:root: - Error: math domain error
ERROR:root: - Error: math domain error
ERROR:root: - Error: math domain error
ERROR:root: - Error: math domain error
ERROR:root: - Error: math domain error
ERROR:root: - Error: math domain error
INFO:root: - Grid search elapsed time:147.02223679999997 s
INFO:root: - {'rmse': 4.175, 'mape': 12.1501, 'aic': 159.2922, 'bic': 165.1825, 'ts_period': 0, 'order': (2, 0, 2), 'seasonal_order': (0, 1, 0, 13)}
INFO:root: - {'rmse': 3.7554, 'mape': 12.6072, 'aic': 77.0754, 'bic': 79.4628, 'ts_period': 0, 'order': (2, 0, 2), 'seasonal_order': (0, 1, 1, 13)}
INFO:root: - {'rmse': 2.8458, 'mape': 13.3711, 'aic': 77.677, 'bic': 81.258, 'ts_period': 0, 'order': (2, 0, 2), 'seasonal_order': (2, 0, 2, 13)}
INFO:root: - {'rmse': 3.0425, 'mape': 14.6535, 'aic': 77.8758, 'bic': 81.059, 'ts_period': 0, 'order': (1, 0, 2), 'seasonal_order': (2, 0, 2, 13)}
INFO:root: - {'rmse': 5.1357, 'mape': 15.4354, 'aic': 177.4315, 'bic': 180.0232, 'ts_period': 3, 'order': (0, 0, 0), 'seasonal_order': (1, 0, 0, 13)}
INFO:root: - {'rmse': 4.5826, 'mape': 16.1246, 'aic': 171.1398, 'bic': 172.3979, 'ts_period': 8, 'order': (0, 0, 0), 'seasonal_order': (0, 1, 0, 13)}
INFO:root: - {'rmse': 4.5826, 'mape': 16.1246, 'aic': 6.0, 'bic': -inf, 'ts_period': 8, 'order': (0, 0, 0), 'seasonal_order': (0, 1, 2, 13)}
INFO:root: - {'rmse': 4.5826, 'mape': 16.1246, 'aic': 8.0, 'bic': -inf, 'ts_period': 8, 'order': (0, 0, 0), 'seasonal_order': (1, 1, 2, 13)}
INFO:root: - {'rmse': 4.5826, 'mape': 16.1246, 'aic': 10.0, 'bic': -inf, 'ts_period': 8, 'order': (0, 0, 0), 'seasonal_order': (2, 1, 2, 13)}
INFO:root: - {'rmse': 4.5826, 'mape': 16.1246, 'aic': 10.0, 'bic': nan, 'ts_period': 8, 'order': (0, 0, 2), 'seasonal_order': (0, 1, 2, 13)}
INFO:root: = Predictions:
INFO:root:            forecast     ci_inf     ci_sup
2020-01-26        17   8.611016  25.807568
2020-02-23        24  15.608898  32.828833
2020-03-22        13   3.150551  22.286991
2020-04-19        20  10.555903  29.883256
2020-05-17        20  10.024912  29.561294
2020-06-14        18   8.628013  28.258563
2020-07-12        25  14.812416  34.455741
2020-08-09        21  11.143160  30.812537
2020-09-06        15   4.887916  24.557285
2020-10-04        14   4.098943  23.773311
2020-11-01        16   6.264593  25.939214
2020-11-29        10   0.216654  19.891950
2020-12-27        23  13.132978  32.808463
INFO:root: = Entity: LA GUAJIRA
ERROR:root: - Error: math domain error
ERROR:root: - Error: math domain error
ERROR:root: - Error: math domain error
ERROR:root: - Error: math domain error
ERROR:root: - Error: math domain error
ERROR:root: - Error: math domain error
ERROR:root: - Error: math domain error
ERROR:root: - Error: math domain error
ERROR:root: - Error: math domain error
ERROR:root: - Error: math domain error
INFO:root: - Grid search elapsed time:164.77369669999996 s
INFO:root: - {'rmse': 4.401, 'mape': 8.2298, 'aic': 157.9171, 'bic': 164.9855, 'ts_period': 3, 'order': (2, 1, 2), 'seasonal_order': (1, 0, 0, 13)}
INFO:root: - {'rmse': 3.7495, 'mape': 8.8908, 'aic': 86.0974, 'bic': 89.9766, 'ts_period': 3, 'order': (2, 0, 2), 'seasonal_order': (2, 0, 1, 13)}
INFO:root: - {'rmse': 4.0137, 'mape': 8.9534, 'aic': 79.6902, 'bic': 82.8734, 'ts_period': 3, 'order': (2, 1, 2), 'seasonal_order': (2, 0, 1, 13)}
INFO:root: - {'rmse': 4.1412, 'mape': 9.0553, 'aic': 153.4807, 'bic': 161.4292, 'ts_period': 3, 'order': (2, 1, 2), 'seasonal_order': (1, 0, 1, 13)}
INFO:root: - {'rmse': 4.4573, 'mape': 9.4671, 'aic': 88.7671, 'bic': 92.1614, 'ts_period': 4, 'order': (2, 0, 1), 'seasonal_order': (1, 0, 2, 13)}
INFO:root: - {'rmse': 4.2401, 'mape': 9.69, 'aic': 166.0915, 'bic': 172.1859, 'ts_period': 3, 'order': (1, 1, 2), 'seasonal_order': (1, 0, 0, 13)}
INFO:root: - {'rmse': 4.9539, 'mape': 10.0296, 'aic': 75.6375, 'bic': 77.7556, 'ts_period': 3, 'order': (2, 1, 2), 'seasonal_order': (0, 0, 2, 13)}
INFO:root: - {'rmse': 4.4636, 'mape': 10.1054, 'aic': 92.8086, 'bic': 96.1983, 'ts_period': 3, 'order': (2, 0, 0), 'seasonal_order': (1, 0, 2, 13)}
INFO:root: - {'rmse': 4.4559, 'mape': 10.3075, 'aic': 77.5843, 'bic': 79.9716, 'ts_period': 4, 'order': (2, 1, 2), 'seasonal_order': (1, 1, 0, 13)}
INFO:root: - {'rmse': 4.113, 'mape': 10.3496, 'aic': 74.7145, 'bic': 77.1352, 'ts_period': 0, 'order': (2, 1, 2), 'seasonal_order': (1, 0, 2, 13)}
INFO:root: = Predictions:
INFO:root:            forecast     ci_inf     ci_sup
2020-01-26        30  22.223825  37.743819
2020-02-23        34  25.848610  42.584026
2020-03-22        31  22.225646  39.272378
2020-04-19        36  27.005422  44.112562
2020-05-17        33  24.146805  41.276554
2020-06-14        36  27.742176  44.881212
2020-07-12        33  23.940319  41.076324
2020-08-09        39  30.362038  47.502195
2020-09-06        32  23.197784  40.331540
2020-10-04        36  27.090478  44.227627
2020-11-01        31  22.454149  39.584529
2020-11-29        34  25.695235  42.828869
2020-12-27        31  22.780853  39.907800
INFO:root:>> END PROGRAM: 2020-09-09 13:36:24.024726
INFO:root:>> START PROGRAM: 2020-09-09 13:43:02.884154
INFO:root: = Disease: TUBERCULOSIS
INFO:root: = Entity: ARAUCA
INFO:root: - Grid search elapsed time:143.55057010000002 s
INFO:root: - {'rmse': 1.4415, 'mape': 20.6999, 'aic': 59.7397, 'bic': 63.3208, 'ts_period': 3, 'order': (2, 0, 2), 'seasonal_order': (2, 0, 2, 13)}
INFO:root: - {'rmse': 2.0697, 'mape': 26.8038, 'aic': 65.4175, 'bic': 67.8049, 'ts_period': 0, 'order': (1, 2, 2), 'seasonal_order': (2, 0, 0, 13)}
INFO:root: - {'rmse': 2.0697, 'mape': 26.8038, 'aic': 67.4166, 'bic': 70.2019, 'ts_period': 0, 'order': (1, 2, 2), 'seasonal_order': (2, 0, 1, 13)}
INFO:root: - {'rmse': 1.962, 'mape': 27.5974, 'aic': 59.7091, 'bic': 62.8922, 'ts_period': 3, 'order': (1, 0, 2), 'seasonal_order': (2, 0, 2, 13)}
INFO:root: - {'rmse': 2.0779, 'mape': 28.0041, 'aic': 52.2645, 'bic': 54.0395, 'ts_period': 0, 'order': (2, 2, 2), 'seasonal_order': (2, 0, 2, 13)}
INFO:root: - {'rmse': 2.7913, 'mape': 28.5777, 'aic': 230.8803, 'bic': 234.2074, 'ts_period': 3, 'order': (1, 0, 0), 'seasonal_order': (0, 0, 0, 13)}
INFO:root: - {'rmse': 2.7913, 'mape': 28.5777, 'aic': 1279.1849, 'bic': 1282.9592, 'ts_period': 3, 'order': (1, 0, 0), 'seasonal_order': (0, 0, 1, 13)}
INFO:root: - {'rmse': 2.3835, 'mape': 28.6066, 'aic': 60.8756, 'bic': 63.263, 'ts_period': 3, 'order': (2, 2, 0), 'seasonal_order': (1, 0, 2, 13)}
INFO:root: - {'rmse': 2.0141, 'mape': 28.7356, 'aic': 68.1153, 'bic': 71.5096, 'ts_period': 3, 'order': (1, 0, 1), 'seasonal_order': (2, 0, 2, 13)}
INFO:root: - {'rmse': 2.0559, 'mape': 28.8745, 'aic': 63.527, 'bic': 66.4365, 'ts_period': 3, 'order': (2, 0, 1), 'seasonal_order': (2, 0, 0, 13)}
INFO:root: = Predictions:
INFO:root:            forecast    ci_inf    ci_sup
2020-01-26         1 -0.734917  3.558698
2020-02-23         2 -0.891008  3.987010
2020-03-22         2 -0.405634  4.495433
2020-04-19         0 -9.932679 -5.031635
2020-05-17         0 -5.016968 -0.109869
2020-06-14         0 -8.950807 -4.035370
2020-07-12         3  0.296773  5.220502
2020-08-09         0 -9.220026 -4.288771
2020-09-06         0 -5.469202 -0.531314
2020-10-04         0 -7.098611 -2.154936
2020-11-01         1 -1.515108  3.433601
2020-11-29         0 -5.989708 -1.036626
2020-12-27         0 -2.864743  2.092137
INFO:root: = Entity: ATLANTICO
ERROR:root: - Error: math domain error
