INFO:root:>> START PROGRAM: 2020-12-09 14:41:06.412974
INFO:root: = Event: tuberculosis
INFO:root: = Read data by entity - 2020-12-09 14:41:06.413974
INFO:root:>> END PROGRAM: 2020-12-09 14:41:06.620971
INFO:root:>> START PROGRAM: 2020-12-09 14:41:28.421521
INFO:root: = Event: tuberculosis
INFO:root: = Read data by entity - 2020-12-09 14:41:28.421521
INFO:root:>> END PROGRAM: 2020-12-09 14:41:28.607903
INFO:root:>> START PROGRAM: 2020-12-09 14:51:24.185770
INFO:root: = Event: tuberculosis
INFO:root: = Read data by entity - 2020-12-09 14:51:24.186769
INFO:root:>> END PROGRAM: 2020-12-09 14:51:24.462767
INFO:root:>> START PROGRAM: 2020-12-09 14:55:30.940753
INFO:root: = Event: tuberculosis
INFO:root: = Read data by entity - 2020-12-09 14:55:30.940753
INFO:root: = Calculate descriptive stats - 2020-12-09 14:55:31.151745
INFO:root: = Save selected models results - 2020-12-09 14:55:31.157746
INFO:root:>> END PROGRAM: 2020-12-09 14:55:31.171675
INFO:root:>> START PROGRAM: 2020-12-10 15:22:50.311333
INFO:root: = Event: tuberculosis
INFO:root: = Read data by entity - 2020-12-10 15:22:50.326958
INFO:root: = Calculate descriptive stats - 2020-12-10 15:22:50.565301
INFO:root: = Save selected models results - 2020-12-10 15:22:58.901210
INFO:root:>> END PROGRAM: 2020-12-10 15:22:58.909264
INFO:root:>> START PROGRAM: 2020-12-10 16:12:04.817380
INFO:root: = Event: tuberculosis
INFO:root: = Read data by entity - 2020-12-10 16:12:04.818386
INFO:root: = Calculate descriptive stats - 2020-12-10 16:12:05.216378
INFO:root: = Save selected models results - 2020-12-10 16:12:18.456859
INFO:root:>> END PROGRAM: 2020-12-10 16:12:18.469856
INFO:root:>> START PROGRAM: 2020-12-11 06:38:08.590133
INFO:root: = Event: tuberculosis - 2020-12-11 06:38:08.590133
INFO:root: = Read data by entity - 2020-12-11 06:38:08.590133
INFO:root: = Calculate descriptive stats - 2020-12-11 06:38:08.907670
INFO:root: = Save result stats - 2020-12-11 06:38:20.291064
INFO:root:>> END PROGRAM: 2020-12-11 06:38:20.310087
